# JRE version: Java(TM) SE Runtime Environment (8.0_144-b01) (build 1.8.0_144-b01)
# Java VM: Java HotSpot(TM) 64-Bit Server VM (25.144-b01 mixed mode windows-amd64 compressed oops)
Heap:
 PSYoungGen      total 417792K, used 374895K [0x00000000d5c00000, 0x00000000f7400000, 0x0000000100000000)
  eden space 313344K, 100% used [0x00000000d5c00000,0x00000000e8e00000,0x00000000e8e00000)
  from space 104448K, 58% used [0x00000000e8e00000,0x00000000eca1be20,0x00000000ef400000)
  to   space 77824K, 99% used [0x00000000ef400000,0x00000000f3fffc30,0x00000000f4000000)
 ParOldGen       total 294400K, used 294393K [0x0000000081400000, 0x0000000093380000, 0x00000000d5c00000)
  object space 294400K, 99% used [0x0000000081400000,0x000000009337e448,0x0000000093380000)
 Metaspace       used 13873K, capacity 14102K, committed 14208K, reserved 1060864K
  class space    used 1816K, capacity 1908K, committed 1920K, reserved 1048576K
GC Heap History (10 events):
Event: 22.623 GC heap after
Heap after GC invocations=11 (full 1):
 PSYoungGen      total 389120K, used 77819K [0x00000000d5c00000, 0x00000000f7700000, 0x0000000100000000)
  eden space 311296K, 0% used [0x00000000d5c00000,0x00000000d5c00000,0x00000000e8c00000)
  from space 77824K, 99% used [0x00000000ef400000,0x00000000f3ffeda0,0x00000000f4000000)
  to   space 106496K, 0% used [0x00000000e8c00000,0x00000000e8c00000,0x00000000ef400000)
 ParOldGen       total 163840K, used 148942K [0x0000000081400000, 0x000000008b400000, 0x00000000d5c00000)
  object space 163840K, 90% used [0x0000000081400000,0x000000008a573908,0x000000008b400000)
 Metaspace       used 13873K, capacity 14102K, committed 14208K, reserved 1060864K
  class space    used 1816K, capacity 1908K, committed 1920K, reserved 1048576K
}
Event: 22.623 GC heap before
{Heap before GC invocations=12 (full 2):
 PSYoungGen      total 389120K, used 77819K [0x00000000d5c00000, 0x00000000f7700000, 0x0000000100000000)
  eden space 311296K, 0% used [0x00000000d5c00000,0x00000000d5c00000,0x00000000e8c00000)
  from space 77824K, 99% used [0x00000000ef400000,0x00000000f3ffeda0,0x00000000f4000000)
  to   space 106496K, 0% used [0x00000000e8c00000,0x00000000e8c00000,0x00000000ef400000)
 ParOldGen       total 163840K, used 148942K [0x0000000081400000, 0x000000008b400000, 0x00000000d5c00000)
  object space 163840K, 90% used [0x0000000081400000,0x000000008a573908,0x000000008b400000)
 Metaspace       used 13873K, capacity 14102K, committed 14208K, reserved 1060864K
  class space    used 1816K, capacity 1908K, committed 1920K, reserved 1048576K
Event: 23.989 GC heap after
Heap after GC invocations=12 (full 2):
 PSYoungGen      total 389120K, used 64650K [0x00000000d5c00000, 0x00000000f7700000, 0x0000000100000000)
  eden space 311296K, 0% used [0x00000000d5c00000,0x00000000d5c00000,0x00000000e8c00000)
  from space 77824K, 83% used [0x00000000ef400000,0x00000000f3322a40,0x00000000f4000000)
  to   space 106496K, 0% used [0x00000000e8c00000,0x00000000e8c00000,0x00000000ef400000)
 ParOldGen       total 284672K, used 161418K [0x0000000081400000, 0x0000000092a00000, 0x00000000d5c00000)
  object space 284672K, 56% used [0x0000000081400000,0x000000008b1a2a38,0x0000000092a00000)
 Metaspace       used 13873K, capacity 14102K, committed 14208K, reserved 1060864K
  class space    used 1816K, capacity 1908K, committed 1920K, reserved 1048576K
}
Event: 25.873 GC heap before
{Heap before GC invocations=13 (full 2):
 PSYoungGen      total 389120K, used 375946K [0x00000000d5c00000, 0x00000000f7700000, 0x0000000100000000)
  eden space 311296K, 100% used [0x00000000d5c00000,0x00000000e8c00000,0x00000000e8c00000)
  from space 77824K, 83% used [0x00000000ef400000,0x00000000f3322a40,0x00000000f4000000)
  to   space 106496K, 0% used [0x00000000e8c00000,0x00000000e8c00000,0x00000000ef400000)
 ParOldGen       total 284672K, used 161418K [0x0000000081400000, 0x0000000092a00000, 0x00000000d5c00000)
  object space 284672K, 56% used [0x0000000081400000,0x000000008b1a2a38,0x0000000092a00000)
 Metaspace       used 13873K, capacity 14102K, committed 14208K, reserved 1060864K
  class space    used 1816K, capacity 1908K, committed 1920K, reserved 1048576K
Event: 25.944 GC heap after
Heap after GC invocations=13 (full 2):
 PSYoungGen      total 417792K, used 0K [0x00000000d5c00000, 0x00000000f7700000, 0x0000000100000000)
  eden space 311296K, 0% used [0x00000000d5c00000,0x00000000d5c00000,0x00000000e8c00000)
  from space 106496K, 0% used [0x00000000e8c00000,0x00000000e8c00000,0x00000000ef400000)
  to   space 77824K, 0% used [0x00000000ef400000,0x00000000ef400000,0x00000000f4000000)
 ParOldGen       total 284672K, used 226105K [0x0000000081400000, 0x0000000092a00000, 0x00000000d5c00000)
  object space 284672K, 79% used [0x0000000081400000,0x000000008f0ce448,0x0000000092a00000)
 Metaspace       used 13873K, capacity 14102K, committed 14208K, reserved 1060864K
  class space    used 1816K, capacity 1908K, committed 1920K, reserved 1048576K
}
Event: 28.037 GC heap before
{Heap before GC invocations=14 (full 2):
 PSYoungGen      total 417792K, used 311296K [0x00000000d5c00000, 0x00000000f7700000, 0x0000000100000000)
  eden space 311296K, 100% used [0x00000000d5c00000,0x00000000e8c00000,0x00000000e8c00000)
  from space 106496K, 0% used [0x00000000e8c00000,0x00000000e8c00000,0x00000000ef400000)
  to   space 77824K, 0% used [0x00000000ef400000,0x00000000ef400000,0x00000000f4000000)
 ParOldGen       total 284672K, used 226105K [0x0000000081400000, 0x0000000092a00000, 0x00000000d5c00000)
  object space 284672K, 79% used [0x0000000081400000,0x000000008f0ce448,0x0000000092a00000)
 Metaspace       used 13873K, capacity 14102K, committed 14208K, reserved 1060864K
  class space    used 1816K, capacity 1908K, committed 1920K, reserved 1048576K
Event: 28.039 GC heap after
Heap after GC invocations=14 (full 2):
 PSYoungGen      total 391168K, used 0K [0x00000000d5c00000, 0x00000000f7400000, 0x0000000100000000)
  eden space 313344K, 0% used [0x00000000d5c00000,0x00000000d5c00000,0x00000000e8e00000)
  from space 77824K, 0% used [0x00000000ef400000,0x00000000ef400000,0x00000000f4000000)
  to   space 104448K, 0% used [0x00000000e8e00000,0x00000000e8e00000,0x00000000ef400000)
 ParOldGen       total 284672K, used 226105K [0x0000000081400000, 0x0000000092a00000, 0x00000000d5c00000)
  object space 284672K, 79% used [0x0000000081400000,0x000000008f0ce448,0x0000000092a00000)
 Metaspace       used 13873K, capacity 14102K, committed 14208K, reserved 1060864K
  class space    used 1816K, capacity 1908K, committed 1920K, reserved 1048576K
}
Event: 29.214 GC heap before
{Heap before GC invocations=15 (full 2):
 PSYoungGen      total 391168K, used 313344K [0x00000000d5c00000, 0x00000000f7400000, 0x0000000100000000)
  eden space 313344K, 100% used [0x00000000d5c00000,0x00000000e8e00000,0x00000000e8e00000)
  from space 77824K, 0% used [0x00000000ef400000,0x00000000ef400000,0x00000000f4000000)
  to   space 104448K, 0% used [0x00000000e8e00000,0x00000000e8e00000,0x00000000ef400000)
 ParOldGen       total 284672K, used 226105K [0x0000000081400000, 0x0000000092a00000, 0x00000000d5c00000)
  object space 284672K, 79% used [0x0000000081400000,0x000000008f0ce448,0x0000000092a00000)
 Metaspace       used 13873K, capacity 14102K, committed 14208K, reserved 1060864K
  class space    used 1816K, capacity 1908K, committed 1920K, reserved 1048576K
Event: 29.271 GC heap after
Heap after GC invocations=15 (full 2):
 PSYoungGen      total 417792K, used 61551K [0x00000000d5c00000, 0x00000000f7400000, 0x0000000100000000)
  eden space 313344K, 0% used [0x00000000d5c00000,0x00000000d5c00000,0x00000000e8e00000)
  from space 104448K, 58% used [0x00000000e8e00000,0x00000000eca1be20,0x00000000ef400000)
  to   space 77824K, 0% used [0x00000000ef400000,0x00000000ef400000,0x00000000f4000000)
 ParOldGen       total 284672K, used 226105K [0x0000000081400000, 0x0000000092a00000, 0x00000000d5c00000)
  object space 284672K, 79% used [0x0000000081400000,0x000000008f0ce448,0x0000000092a00000)
 Metaspace       used 13873K, capacity 14102K, committed 14208K, reserved 1060864K
  class space    used 1816K, capacity 1908K, committed 1920K, reserved 1048576K
}
Event: 29.976 GC heap before
{Heap before GC invocations=16 (full 2):
 PSYoungGen      total 417792K, used 374895K [0x00000000d5c00000, 0x00000000f7400000, 0x0000000100000000)
  eden space 313344K, 100% used [0x00000000d5c00000,0x00000000e8e00000,0x00000000e8e00000)
  from space 104448K, 58% used [0x00000000e8e00000,0x00000000eca1be20,0x00000000ef400000)
  to   space 77824K, 0% used [0x00000000ef400000,0x00000000ef400000,0x00000000f4000000)
 ParOldGen       total 284672K, used 226105K [0x0000000081400000, 0x0000000092a00000, 0x00000000d5c00000)
  object space 284672K, 79% used [0x0000000081400000,0x000000008f0ce448,0x0000000092a00000)
 Metaspace       used 13873K, capacity 14102K, committed 14208K, reserved 1060864K
  class space    used 1816K, capacity 1908K, committed 1920K, reserved 1048576K

