# JRE version: Java(TM) SE Runtime Environment (8.0_144-b01) (build 1.8.0_144-b01)
# Java VM: Java HotSpot(TM) 64-Bit Server VM (25.144-b01 mixed mode windows-amd64 compressed oops)
Heap:
 PSYoungGen      total 461824K, used 221683K [0x00000000d5c00000, 0x0000000100000000, 0x0000000100000000)
  eden space 231424K, 95% used [0x00000000d5c00000,0x00000000e347cc78,0x00000000e3e00000)
  from space 230400K, 0% used [0x00000000f1f00000,0x00000000f1f00000,0x0000000100000000)
  to   space 230400K, 0% used [0x00000000e3e00000,0x00000000e3e00000,0x00000000f1f00000)
 ParOldGen       total 831488K, used 831214K [0x0000000081400000, 0x00000000d5c00000, 0x00000000d5c00000)
  object space 831488K, 99% used [0x0000000081400000,0x00000000b3fbbbe8,0x00000000b4000000)
 Metaspace       used 4225K, capacity 4912K, committed 5120K, reserved 1056768K
  class space    used 455K, capacity 468K, committed 512K, reserved 1048576K
GC Heap History (10 events):
Event: 261.501 GC heap after
Heap after GC invocations=53 (full 15):
 PSYoungGen      total 461824K, used 215377K [0x00000000d5c00000, 0x0000000100000000, 0x0000000100000000)
  eden space 231424K, 93% used [0x00000000d5c00000,0x00000000e2e546c0,0x00000000e3e00000)
  from space 230400K, 0% used [0x00000000f1f00000,0x00000000f1f00000,0x0000000100000000)
  to   space 230400K, 0% used [0x00000000e3e00000,0x00000000e3e00000,0x00000000f1f00000)
 ParOldGen       total 814592K, used 814318K [0x0000000081400000, 0x00000000b2f80000, 0x00000000d5c00000)
  object space 814592K, 99% used [0x0000000081400000,0x00000000b2f3bb40,0x00000000b2f80000)
 Metaspace       used 4225K, capacity 4912K, committed 5120K, reserved 1056768K
  class space    used 455K, capacity 468K, committed 512K, reserved 1048576K
}
Event: 261.627 GC heap before
{Heap before GC invocations=54 (full 16):
 PSYoungGen      total 461824K, used 231424K [0x00000000d5c00000, 0x0000000100000000, 0x0000000100000000)
  eden space 231424K, 100% used [0x00000000d5c00000,0x00000000e3e00000,0x00000000e3e00000)
  from space 230400K, 0% used [0x00000000f1f00000,0x00000000f1f00000,0x0000000100000000)
  to   space 230400K, 0% used [0x00000000e3e00000,0x00000000e3e00000,0x00000000f1f00000)
 ParOldGen       total 814592K, used 814318K [0x0000000081400000, 0x00000000b2f80000, 0x00000000d5c00000)
  object space 814592K, 99% used [0x0000000081400000,0x00000000b2f3bb40,0x00000000b2f80000)
 Metaspace       used 4225K, capacity 4912K, committed 5120K, reserved 1056768K
  class space    used 455K, capacity 468K, committed 512K, reserved 1048576K
Event: 267.071 GC heap after
Heap after GC invocations=54 (full 16):
 PSYoungGen      total 461824K, used 222279K [0x00000000d5c00000, 0x0000000100000000, 0x0000000100000000)
  eden space 231424K, 96% used [0x00000000d5c00000,0x00000000e3511dc8,0x00000000e3e00000)
  from space 230400K, 0% used [0x00000000f1f00000,0x00000000f1f00000,0x0000000100000000)
  to   space 230400K, 0% used [0x00000000e3e00000,0x00000000e3e00000,0x00000000f1f00000)
 ParOldGen       total 814592K, used 814318K [0x0000000081400000, 0x00000000b2f80000, 0x00000000d5c00000)
  object space 814592K, 99% used [0x0000000081400000,0x00000000b2f3bb20,0x00000000b2f80000)
 Metaspace       used 4225K, capacity 4912K, committed 5120K, reserved 1056768K
  class space    used 455K, capacity 468K, committed 512K, reserved 1048576K
}
Event: 267.143 GC heap before
{Heap before GC invocations=55 (full 17):
 PSYoungGen      total 461824K, used 231424K [0x00000000d5c00000, 0x0000000100000000, 0x0000000100000000)
  eden space 231424K, 100% used [0x00000000d5c00000,0x00000000e3e00000,0x00000000e3e00000)
  from space 230400K, 0% used [0x00000000f1f00000,0x00000000f1f00000,0x0000000100000000)
  to   space 230400K, 0% used [0x00000000e3e00000,0x00000000e3e00000,0x00000000f1f00000)
 ParOldGen       total 814592K, used 814318K [0x0000000081400000, 0x00000000b2f80000, 0x00000000d5c00000)
  object space 814592K, 99% used [0x0000000081400000,0x00000000b2f3bb20,0x00000000b2f80000)
 Metaspace       used 4225K, capacity 4912K, committed 5120K, reserved 1056768K
  class space    used 455K, capacity 468K, committed 512K, reserved 1048576K
Event: 272.584 GC heap after
Heap after GC invocations=55 (full 17):
 PSYoungGen      total 461824K, used 226223K [0x00000000d5c00000, 0x0000000100000000, 0x0000000100000000)
  eden space 231424K, 97% used [0x00000000d5c00000,0x00000000e38ebdb8,0x00000000e3e00000)
  from space 230400K, 0% used [0x00000000f1f00000,0x00000000f1f00000,0x0000000100000000)
  to   space 230400K, 0% used [0x00000000e3e00000,0x00000000e3e00000,0x00000000f1f00000)
 ParOldGen       total 814592K, used 814318K [0x0000000081400000, 0x00000000b2f80000, 0x00000000d5c00000)
  object space 814592K, 99% used [0x0000000081400000,0x00000000b2f3bb00,0x00000000b2f80000)
 Metaspace       used 4225K, capacity 4912K, committed 5120K, reserved 1056768K
  class space    used 455K, capacity 468K, committed 512K, reserved 1048576K
}
Event: 272.625 GC heap before
{Heap before GC invocations=56 (full 18):
 PSYoungGen      total 461824K, used 231424K [0x00000000d5c00000, 0x0000000100000000, 0x0000000100000000)
  eden space 231424K, 100% used [0x00000000d5c00000,0x00000000e3e00000,0x00000000e3e00000)
  from space 230400K, 0% used [0x00000000f1f00000,0x00000000f1f00000,0x0000000100000000)
  to   space 230400K, 0% used [0x00000000e3e00000,0x00000000e3e00000,0x00000000f1f00000)
 ParOldGen       total 814592K, used 814318K [0x0000000081400000, 0x00000000b2f80000, 0x00000000d5c00000)
  object space 814592K, 99% used [0x0000000081400000,0x00000000b2f3bb00,0x00000000b2f80000)
 Metaspace       used 4225K, capacity 4912K, committed 5120K, reserved 1056768K
  class space    used 455K, capacity 468K, committed 512K, reserved 1048576K
Event: 277.362 GC heap after
Heap after GC invocations=56 (full 18):
 PSYoungGen      total 461824K, used 228461K [0x00000000d5c00000, 0x0000000100000000, 0x0000000100000000)
  eden space 231424K, 98% used [0x00000000d5c00000,0x00000000e3b1b7e8,0x00000000e3e00000)
  from space 230400K, 0% used [0x00000000f1f00000,0x00000000f1f00000,0x0000000100000000)
  to   space 230400K, 0% used [0x00000000e3e00000,0x00000000e3e00000,0x00000000f1f00000)
 ParOldGen       total 814592K, used 814318K [0x0000000081400000, 0x00000000b2f80000, 0x00000000d5c00000)
  object space 814592K, 99% used [0x0000000081400000,0x00000000b2f3bb00,0x00000000b2f80000)
 Metaspace       used 4225K, capacity 4912K, committed 5120K, reserved 1056768K
  class space    used 455K, capacity 468K, committed 512K, reserved 1048576K
}
Event: 277.379 GC heap before
{Heap before GC invocations=57 (full 19):
 PSYoungGen      total 461824K, used 231424K [0x00000000d5c00000, 0x0000000100000000, 0x0000000100000000)
  eden space 231424K, 100% used [0x00000000d5c00000,0x00000000e3e00000,0x00000000e3e00000)
  from space 230400K, 0% used [0x00000000f1f00000,0x00000000f1f00000,0x0000000100000000)
  to   space 230400K, 0% used [0x00000000e3e00000,0x00000000e3e00000,0x00000000f1f00000)
 ParOldGen       total 814592K, used 814318K [0x0000000081400000, 0x00000000b2f80000, 0x00000000d5c00000)
  object space 814592K, 99% used [0x0000000081400000,0x00000000b2f3bb00,0x00000000b2f80000)
 Metaspace       used 4225K, capacity 4912K, committed 5120K, reserved 1056768K
  class space    used 455K, capacity 468K, committed 512K, reserved 1048576K
Event: 282.307 GC heap after
Heap after GC invocations=57 (full 19):
 PSYoungGen      total 461824K, used 229609K [0x00000000d5c00000, 0x0000000100000000, 0x0000000100000000)
  eden space 231424K, 99% used [0x00000000d5c00000,0x00000000e3c3a500,0x00000000e3e00000)
  from space 230400K, 0% used [0x00000000f1f00000,0x00000000f1f00000,0x0000000100000000)
  to   space 230400K, 0% used [0x00000000e3e00000,0x00000000e3e00000,0x00000000f1f00000)
 ParOldGen       total 814592K, used 814318K [0x0000000081400000, 0x00000000b2f80000, 0x00000000d5c00000)
  object space 814592K, 99% used [0x0000000081400000,0x00000000b2f3bb00,0x00000000b2f80000)
 Metaspace       used 4225K, capacity 4912K, committed 5120K, reserved 1056768K
  class space    used 455K, capacity 468K, committed 512K, reserved 1048576K
}
Event: 282.460 GC heap before
{Heap before GC invocations=58 (full 20):
 PSYoungGen      total 461824K, used 231424K [0x00000000d5c00000, 0x0000000100000000, 0x0000000100000000)
  eden space 231424K, 100% used [0x00000000d5c00000,0x00000000e3e00000,0x00000000e3e00000)
  from space 230400K, 0% used [0x00000000f1f00000,0x00000000f1f00000,0x0000000100000000)
  to   space 230400K, 0% used [0x00000000e3e00000,0x00000000e3e00000,0x00000000f1f00000)
 ParOldGen       total 831488K, used 830704K [0x0000000081400000, 0x00000000b4000000, 0x00000000d5c00000)
  object space 831488K, 99% used [0x0000000081400000,0x00000000b3f3c3a8,0x00000000b4000000)
 Metaspace       used 4225K, capacity 4912K, committed 5120K, reserved 1056768K
  class space    used 455K, capacity 468K, committed 512K, reserved 1048576K

